<?xml version="1.0" encoding="UTF-8"?>
<testsuite name="HelloWorldTest" tests="1" skipped="0" failures="0" errors="0" timestamp="2020-06-28T05:25:55" hostname="frank-pc" time="0.023">
  <properties/>
  <testcase name="helloWorldTest" classname="HelloWorldTest" time="0.023"/>
  <system-out><![CDATA[]]></system-out>
  <system-err><![CDATA[]]></system-err>
</testsuite>
